<?xml version="1.0" encoding="UTF-8"?>
<!-- Generated by org.testng.reporters.JUnitReportReporter -->
<testsuite hostname="chouman" failures="0" tests="2" name="day1.PostRequest" time="3.550" errors="0" timestamp="2023-01-07T18:30:34 EST" skipped="0">
  <testcase classname="day1.PostRequest" name="testpostusingExternalJsonFile" time="3.480"/>
  <system-out/>
  <testcase classname="day1.PostRequest" name="testDelete" time="0.070"/>
  <system-out/>
</testsuite> <!-- day1.PostRequest -->
