<?xml version="1.0" encoding="UTF-8"?>
<!-- Generated by org.testng.reporters.JUnitReportReporter -->
<testsuite hostname="chouman" failures="0" tests="4" name="day1.HTTPRequests" time="4.965" errors="0" timestamp="2023-01-02T23:32:47 EST" skipped="0">
  <testcase classname="day1.HTTPRequests" name="getUsers" time="3.639"/>
  <system-out/>
  <testcase classname="day1.HTTPRequests" name="createUser" time="0.786"/>
  <system-out/>
  <testcase classname="day1.HTTPRequests" name="updateUser" time="0.275"/>
  <system-out/>
  <testcase classname="day1.HTTPRequests" name="deleteUser" time="0.265"/>
  <system-out/>
</testsuite> <!-- day1.HTTPRequests -->
