<?xml version="1.0" encoding="UTF-8"?>
<!-- Generated by org.testng.reporters.JUnitReportReporter -->
<testsuite skipped="0" hostname="chouman" name="RestAssured.ParsingXMLResponseData" tests="2" failures="0" timestamp="2023-01-24T17:42:47 EST" time="3.805" errors="0">
  <testcase name="TestXMLResponse" time="3.167" classname="RestAssured.ParsingXMLResponseData"/>
  <system-out/>
  <testcase name="TestXMLResponseBody" time="0.638" classname="RestAssured.ParsingXMLResponseData"/>
  <system-out/>
</testsuite> <!-- RestAssured.ParsingXMLResponseData -->
