<?xml version="1.0" encoding="UTF-8"?>
<!-- Generated by org.testng.reporters.JUnitReportReporter -->
<testsuite skipped="0" hostname="chouman" name="RestAssured.RestAssuredCookiesHeadersQueryPathParameters" tests="2" failures="0" timestamp="2023-01-25T09:06:05 EST" time="3.658" errors="0">
  <testcase name="testLogs" time="0.699" classname="RestAssured.RestAssuredCookiesHeadersQueryPathParameters"/>
  <system-out/>
  <testcase name="getHeaders" time="2.959" classname="RestAssured.RestAssuredCookiesHeadersQueryPathParameters"/>
  <system-out/>
</testsuite> <!-- RestAssured.RestAssuredCookiesHeadersQueryPathParameters -->
